nohup: ignoring input
🖥️ 使用裝置： cpu
🌍 使用靜態映射收集到 854 個全域 cell types
🧩 一次讀入所有圖訓練...
   ✅ c17: 10 節點, 28 邊, 23 特徵
   ✅ c432: 120 節點, 1144 邊, 23 特徵
   ✅ c499: 244 節點, 1580 邊, 23 特徵
   ✅ c880: 228 節點, 2026 邊, 23 特徵
   ✅ c1355: 245 節點, 1568 邊, 23 特徵
   ✅ c1908: 204 節點, 1776 邊, 23 特徵
   ✅ c2670: 527 節點, 4854 邊, 23 特徵
   ✅ c3540: 501 節點, 11138 邊, 23 特徵
   ✅ c5315: 1041 節點, 16200 邊, 23 特徵
   ✅ c6288: 1162 節點, 17586 邊, 23 特徵
   ✅ s27: 20 節點, 86 邊, 23 特徵
   ✅ s298: 80 節點, 1046 邊, 23 特徵
   ✅ s344: 98 節點, 1288 邊, 23 特徵
   ✅ s382: 102 節點, 1826 邊, 23 特徵
   ✅ s386: 90 節點, 1476 邊, 23 特徵
   ✅ s400: 104 節點, 1822 邊, 23 特徵
   ✅ s1196: 308 節點, 8830 邊, 23 特徵
   ✅ s1238: 331 節點, 10554 邊, 23 特徵
   ✅ s1423: 403 節點, 10884 邊, 23 特徵
   🔍 s1488: 332 節點, 12642 邊, 23 特徵 (作為 probe，不參與訓練)
   ✅ s5378: 767 節點, 35778 邊, 23 特徵
   ✅ s9234: 698 節點, 26522 邊, 23 特徵
   ✅ s13207: 1967 節點, 263674 邊, 23 特徵
   ✅ s15850: 2429 節點, 322978 邊, 23 特徵
   ✅ s35932: 6659 節點, 6633306 邊, 23 特徵
   ✅ s38584: 7055 節點, 4788406 邊, 23 特徵
Epoch 000/200  Loss: 3.049664  LR: 5.00e-04
Epoch 010/200  Loss: 1.406173  LR: 5.00e-04
Epoch 020/200  Loss: 0.595845  LR: 5.00e-04
Epoch 030/200  Loss: 0.702785  LR: 5.00e-04
Epoch 040/200  Loss: 0.811863  LR: 2.50e-04
🛑 早停於 epoch 43（best_loss=0.361297, best_probe=-1.0000）
✅ 訓練完成！最終 loss: 0.439755
📈 曲線已儲存: loss_probe_all.png
✅ 模型已保存至: encoder.pt
⏱️ 訓練完成！總耗時: 2322.89 秒
📊 最終模型輸出維度: 64（每個節點 embedding 維度）
